{
  "stats": {
    "suites": 1,
    "tests": 1,
    "passes": 1,
    "pending": 0,
    "failures": 0,
    "start": "2023-04-12T12:59:14.670Z",
    "end": "2023-04-12T12:59:22.520Z",
    "duration": 7850,
    "testsRegistered": 1,
    "passPercent": 100,
    "pendingPercent": 0,
    "other": 0,
    "hasOther": false,
    "skipped": 0,
    "hasSkipped": false
  },
  "results": [
    {
      "uuid": "de1bc65e-195b-438c-8826-921d76b94f85",
      "title": "",
      "fullFile": "cypress\\e2e\\VerifyTestPage.cy.js",
      "file": "cypress\\e2e\\VerifyTestPage.cy.js",
      "beforeHooks": [],
      "afterHooks": [],
      "tests": [],
      "suites": [
        {
          "uuid": "db912bd7-e86c-40a3-95be-de7142ed3903",
          "title": "Make An Appointment",
          "fullFile": "",
          "file": "",
          "beforeHooks": [],
          "afterHooks": [],
          "tests": [
            {
              "title": "Going to make an appointment",
              "fullTitle": "Make An Appointment Going to make an appointment",
              "timedOut": null,
              "duration": 6072,
              "state": "passed",
              "speed": "medium",
              "pass": true,
              "fail": false,
              "pending": false,
              "context": null,
              "code": "loginPage.userLogin(\"John Doe\", \"ThisIsNotAPassword\");\nappointment.userInAppointmentPage();\nverify.verifyContent();",
              "err": {},
              "uuid": "9bbc4e87-0c3f-4366-a638-f0b82cc32a12",
              "parentUUID": "db912bd7-e86c-40a3-95be-de7142ed3903",
              "isHook": false,
              "skipped": false
            }
          ],
          "suites": [],
          "passes": [
            "9bbc4e87-0c3f-4366-a638-f0b82cc32a12"
          ],
          "failures": [],
          "pending": [],
          "skipped": [],
          "duration": 6072,
          "root": false,
          "rootEmpty": false,
          "_timeout": 2000
        }
      ],
      "passes": [],
      "failures": [],
      "pending": [],
      "skipped": [],
      "duration": 0,
      "root": true,
      "rootEmpty": true,
      "_timeout": 2000
    }
  ],
  "meta": {
    "mocha": {
      "version": "7.0.1"
    },
    "mochawesome": {
      "options": {
        "quiet": false,
        "reportFilename": "mochawesome",
        "saveHtml": false,
        "saveJson": true,
        "consoleReporter": "spec",
        "useInlineDiffs": false,
        "code": true
      },
      "version": "7.1.3"
    },
    "marge": {
      "options": {
        "overwrite": false,
        "html": false,
        "json": true,
        "reportDir": "cypress\\reports\\html\\.jsons"
      },
      "version": "6.2.0"
    }
  }
}