{
  "stats": {
    "suites": 1,
    "tests": 1,
    "passes": 1,
    "pending": 0,
    "failures": 0,
    "start": "2023-04-12T12:59:02.799Z",
    "end": "2023-04-12T12:59:10.658Z",
    "duration": 7859,
    "testsRegistered": 1,
    "passPercent": 100,
    "pendingPercent": 0,
    "other": 0,
    "hasOther": false,
    "skipped": 0,
    "hasSkipped": false
  },
  "results": [
    {
      "uuid": "7ce233dc-134c-4cf9-968e-455c929d89da",
      "title": "",
      "fullFile": "cypress\\e2e\\MakeAnAppointment.cy.js",
      "file": "cypress\\e2e\\MakeAnAppointment.cy.js",
      "beforeHooks": [],
      "afterHooks": [],
      "tests": [],
      "suites": [
        {
          "uuid": "be1c9bfd-ecae-4dad-b021-90e83d747931",
          "title": "Make An Appointment",
          "fullFile": "",
          "file": "",
          "beforeHooks": [],
          "afterHooks": [],
          "tests": [
            {
              "title": "Going to make an appointment",
              "fullTitle": "Make An Appointment Going to make an appointment",
              "timedOut": null,
              "duration": 6040,
              "state": "passed",
              "speed": "medium",
              "pass": true,
              "fail": false,
              "pending": false,
              "context": null,
              "code": "loginPage.userLogin(\"John Doe\", \"ThisIsNotAPassword\");\nappointment.userInAppointmentPage();",
              "err": {},
              "uuid": "79691ec5-1958-4469-9176-1df262b66f3c",
              "parentUUID": "be1c9bfd-ecae-4dad-b021-90e83d747931",
              "isHook": false,
              "skipped": false
            }
          ],
          "suites": [],
          "passes": [
            "79691ec5-1958-4469-9176-1df262b66f3c"
          ],
          "failures": [],
          "pending": [],
          "skipped": [],
          "duration": 6040,
          "root": false,
          "rootEmpty": false,
          "_timeout": 2000
        }
      ],
      "passes": [],
      "failures": [],
      "pending": [],
      "skipped": [],
      "duration": 0,
      "root": true,
      "rootEmpty": true,
      "_timeout": 2000
    }
  ],
  "meta": {
    "mocha": {
      "version": "7.0.1"
    },
    "mochawesome": {
      "options": {
        "quiet": false,
        "reportFilename": "mochawesome",
        "saveHtml": false,
        "saveJson": true,
        "consoleReporter": "spec",
        "useInlineDiffs": false,
        "code": true
      },
      "version": "7.1.3"
    },
    "marge": {
      "options": {
        "overwrite": false,
        "html": false,
        "json": true,
        "reportDir": "cypress\\reports\\html\\.jsons"
      },
      "version": "6.2.0"
    }
  }
}