{
  "stats": {
    "suites": 1,
    "tests": 2,
    "passes": 2,
    "pending": 0,
    "failures": 0,
    "start": "2023-04-12T12:58:46.757Z",
    "end": "2023-04-12T12:58:58.630Z",
    "duration": 11873,
    "testsRegistered": 2,
    "passPercent": 100,
    "pendingPercent": 0,
    "other": 0,
    "hasOther": false,
    "skipped": 0,
    "hasSkipped": false
  },
  "results": [
    {
      "uuid": "ec08b5c0-9b99-41d9-9fab-974b81de6881",
      "title": "",
      "fullFile": "cypress\\e2e\\LoginTest.cy.js",
      "file": "cypress\\e2e\\LoginTest.cy.js",
      "beforeHooks": [],
      "afterHooks": [],
      "tests": [],
      "suites": [
        {
          "uuid": "54f93c6b-e04b-4550-b50b-b557a0437c75",
          "title": "Testing Login functionality",
          "fullFile": "",
          "file": "",
          "beforeHooks": [],
          "afterHooks": [],
          "tests": [
            {
              "title": "Testing with valid Credential",
              "fullTitle": "Testing Login functionality Testing with valid Credential",
              "timedOut": null,
              "duration": 6155,
              "state": "passed",
              "speed": "medium",
              "pass": true,
              "fail": false,
              "pending": false,
              "context": null,
              "code": "loginPage.userLogin(\"John Doe\", \"ThisIsNotAPassword\");",
              "err": {},
              "uuid": "7039a3a5-8b7d-47e6-882c-9fde698f9394",
              "parentUUID": "54f93c6b-e04b-4550-b50b-b557a0437c75",
              "isHook": false,
              "skipped": false
            },
            {
              "title": "Testing with invalid Credential",
              "fullTitle": "Testing Login functionality Testing with invalid Credential",
              "timedOut": null,
              "duration": 2292,
              "state": "passed",
              "speed": "fast",
              "pass": true,
              "fail": false,
              "pending": false,
              "context": null,
              "code": "loginPage.userLogin(\"John DoE\", \"ThisIsNotAPassword\");\nloginPage.invalidAssertion();",
              "err": {},
              "uuid": "474895f6-664f-4e5f-a726-b0364b349c71",
              "parentUUID": "54f93c6b-e04b-4550-b50b-b557a0437c75",
              "isHook": false,
              "skipped": false
            }
          ],
          "suites": [],
          "passes": [
            "7039a3a5-8b7d-47e6-882c-9fde698f9394",
            "474895f6-664f-4e5f-a726-b0364b349c71"
          ],
          "failures": [],
          "pending": [],
          "skipped": [],
          "duration": 8447,
          "root": false,
          "rootEmpty": false,
          "_timeout": 2000
        }
      ],
      "passes": [],
      "failures": [],
      "pending": [],
      "skipped": [],
      "duration": 0,
      "root": true,
      "rootEmpty": true,
      "_timeout": 2000
    }
  ],
  "meta": {
    "mocha": {
      "version": "7.0.1"
    },
    "mochawesome": {
      "options": {
        "quiet": false,
        "reportFilename": "mochawesome",
        "saveHtml": false,
        "saveJson": true,
        "consoleReporter": "spec",
        "useInlineDiffs": false,
        "code": true
      },
      "version": "7.1.3"
    },
    "marge": {
      "options": {
        "overwrite": false,
        "html": false,
        "json": true,
        "reportDir": "cypress\\reports\\html\\.jsons"
      },
      "version": "6.2.0"
    }
  }
}